# JRE version: Java(TM) SE Runtime Environment (8.0_74-b02) (build 1.8.0_74-b02)
# Java VM: Java HotSpot(TM) 64-Bit Server VM (25.74-b02 mixed mode windows-amd64 compressed oops)
Heap:
 PSYoungGen      total 104448K, used 86433K [0x00000000eab00000, 0x00000000f1d00000, 0x0000000100000000)
  eden space 93184K, 83% used [0x00000000eab00000,0x00000000ef73e470,0x00000000f0600000)
  from space 11264K, 74% used [0x00000000f1200000,0x00000000f1a2a078,0x00000000f1d00000)
  to   space 11776K, 0% used [0x00000000f0600000,0x00000000f0600000,0x00000000f1180000)
 ParOldGen       total 49664K, used 9650K [0x00000000c0000000, 0x00000000c3080000, 0x00000000eab00000)
  object space 49664K, 19% used [0x00000000c0000000,0x00000000c096c9d8,0x00000000c3080000)
 Metaspace       used 33469K, capacity 34234K, committed 34432K, reserved 1079296K
  class space    used 4419K, capacity 4622K, committed 4736K, reserved 1048576K
GC Heap History (10 events):
Event: 7.682 GC heap before
{Heap before GC invocations=7 (full 1):
 PSYoungGen      total 38400K, used 34565K [0x00000000eab00000, 0x00000000efe00000, 0x0000000100000000)
  eden space 33280K, 100% used [0x00000000eab00000,0x00000000ecb80000,0x00000000ecb80000)
  from space 5120K, 25% used [0x00000000ecb80000,0x00000000eccc15b0,0x00000000ed080000)
  to   space 11264K, 0% used [0x00000000ef300000,0x00000000ef300000,0x00000000efe00000)
 ParOldGen       total 49664K, used 7930K [0x00000000c0000000, 0x00000000c3080000, 0x00000000eab00000)
  object space 49664K, 15% used [0x00000000c0000000,0x00000000c07be998,0x00000000c3080000)
 Metaspace       used 21258K, capacity 21672K, committed 21888K, reserved 1069056K
  class space    used 2763K, capacity 2900K, committed 2944K, reserved 1048576K
Event: 7.684 GC heap after
Heap after GC invocations=7 (full 1):
 PSYoungGen      total 72704K, used 1472K [0x00000000eab00000, 0x00000000efd80000, 0x0000000100000000)
  eden space 61952K, 0% used [0x00000000eab00000,0x00000000eab00000,0x00000000ee780000)
  from space 10752K, 13% used [0x00000000ef300000,0x00000000ef470030,0x00000000efd80000)
  to   space 11264K, 0% used [0x00000000ee780000,0x00000000ee780000,0x00000000ef280000)
 ParOldGen       total 49664K, used 7938K [0x00000000c0000000, 0x00000000c3080000, 0x00000000eab00000)
  object space 49664K, 15% used [0x00000000c0000000,0x00000000c07c0998,0x00000000c3080000)
 Metaspace       used 21258K, capacity 21672K, committed 21888K, reserved 1069056K
  class space    used 2763K, capacity 2900K, committed 2944K, reserved 1048576K
}
Event: 7.789 GC heap before
{Heap before GC invocations=8 (full 1):
 PSYoungGen      total 72704K, used 63424K [0x00000000eab00000, 0x00000000efd80000, 0x0000000100000000)
  eden space 61952K, 100% used [0x00000000eab00000,0x00000000ee780000,0x00000000ee780000)
  from space 10752K, 13% used [0x00000000ef300000,0x00000000ef470030,0x00000000efd80000)
  to   space 11264K, 0% used [0x00000000ee780000,0x00000000ee780000,0x00000000ef280000)
 ParOldGen       total 49664K, used 7938K [0x00000000c0000000, 0x00000000c3080000, 0x00000000eab00000)
  object space 49664K, 15% used [0x00000000c0000000,0x00000000c07c0998,0x00000000c3080000)
 Metaspace       used 21262K, capacity 21672K, committed 21888K, reserved 1069056K
  class space    used 2763K, capacity 2900K, committed 2944K, reserved 1048576K
Event: 7.798 GC heap after
Heap after GC invocations=8 (full 1):
 PSYoungGen      total 73216K, used 2032K [0x00000000eab00000, 0x00000000efd80000, 0x0000000100000000)
  eden space 61952K, 0% used [0x00000000eab00000,0x00000000eab00000,0x00000000ee780000)
  from space 11264K, 18% used [0x00000000ee780000,0x00000000ee97c040,0x00000000ef280000)
  to   space 10752K, 0% used [0x00000000ef300000,0x00000000ef300000,0x00000000efd80000)
 ParOldGen       total 49664K, used 7938K [0x00000000c0000000, 0x00000000c3080000, 0x00000000eab00000)
  object space 49664K, 15% used [0x00000000c0000000,0x00000000c07c0998,0x00000000c3080000)
 Metaspace       used 21262K, capacity 21672K, committed 21888K, reserved 1069056K
  class space    used 2763K, capacity 2900K, committed 2944K, reserved 1048576K
}
Event: 7.955 GC heap before
{Heap before GC invocations=9 (full 1):
 PSYoungGen      total 73216K, used 63984K [0x00000000eab00000, 0x00000000efd80000, 0x0000000100000000)
  eden space 61952K, 100% used [0x00000000eab00000,0x00000000ee780000,0x00000000ee780000)
  from space 11264K, 18% used [0x00000000ee780000,0x00000000ee97c040,0x00000000ef280000)
  to   space 10752K, 0% used [0x00000000ef300000,0x00000000ef300000,0x00000000efd80000)
 ParOldGen       total 49664K, used 7938K [0x00000000c0000000, 0x00000000c3080000, 0x00000000eab00000)
  object space 49664K, 15% used [0x00000000c0000000,0x00000000c07c0998,0x00000000c3080000)
 Metaspace       used 22564K, capacity 22970K, committed 23296K, reserved 1069056K
  class space    used 2883K, capacity 3032K, committed 3072K, reserved 1048576K
Event: 7.960 GC heap after
Heap after GC invocations=9 (full 1):
 PSYoungGen      total 72704K, used 4644K [0x00000000eab00000, 0x00000000efd80000, 0x0000000100000000)
  eden space 61952K, 0% used [0x00000000eab00000,0x00000000eab00000,0x00000000ee780000)
  from space 10752K, 43% used [0x00000000ef300000,0x00000000ef7891a8,0x00000000efd80000)
  to   space 11264K, 0% used [0x00000000ee780000,0x00000000ee780000,0x00000000ef280000)
 ParOldGen       total 49664K, used 7946K [0x00000000c0000000, 0x00000000c3080000, 0x00000000eab00000)
  object space 49664K, 16% used [0x00000000c0000000,0x00000000c07c2998,0x00000000c3080000)
 Metaspace       used 22564K, capacity 22970K, committed 23296K, reserved 1069056K
  class space    used 2883K, capacity 3032K, committed 3072K, reserved 1048576K
}
Event: 8.895 GC heap before
{Heap before GC invocations=10 (full 1):
 PSYoungGen      total 72704K, used 66596K [0x00000000eab00000, 0x00000000efd80000, 0x0000000100000000)
  eden space 61952K, 100% used [0x00000000eab00000,0x00000000ee780000,0x00000000ee780000)
  from space 10752K, 43% used [0x00000000ef300000,0x00000000ef7891a8,0x00000000efd80000)
  to   space 11264K, 0% used [0x00000000ee780000,0x00000000ee780000,0x00000000ef280000)
 ParOldGen       total 49664K, used 7946K [0x00000000c0000000, 0x00000000c3080000, 0x00000000eab00000)
  object space 49664K, 16% used [0x00000000c0000000,0x00000000c07c2998,0x00000000c3080000)
 Metaspace       used 26040K, capacity 26726K, committed 27008K, reserved 1073152K
  class space    used 3446K, capacity 3613K, committed 3712K, reserved 1048576K
Event: 8.906 GC heap after
Heap after GC invocations=10 (full 1):
 PSYoungGen      total 73216K, used 8156K [0x00000000eab00000, 0x00000000f1d00000, 0x0000000100000000)
  eden space 61952K, 0% used [0x00000000eab00000,0x00000000eab00000,0x00000000ee780000)
  from space 11264K, 72% used [0x00000000ee780000,0x00000000eef77348,0x00000000ef280000)
  to   space 11264K, 0% used [0x00000000f1200000,0x00000000f1200000,0x00000000f1d00000)
 ParOldGen       total 49664K, used 8514K [0x00000000c0000000, 0x00000000c3080000, 0x00000000eab00000)
  object space 49664K, 17% used [0x00000000c0000000,0x00000000c08509d8,0x00000000c3080000)
 Metaspace       used 26040K, capacity 26726K, committed 27008K, reserved 1073152K
  class space    used 3446K, capacity 3613K, committed 3712K, reserved 1048576K
}
Event: 9.840 GC heap before
{Heap before GC invocations=11 (full 1):
 PSYoungGen      total 73216K, used 70108K [0x00000000eab00000, 0x00000000f1d00000, 0x0000000100000000)
  eden space 61952K, 100% used [0x00000000eab00000,0x00000000ee780000,0x00000000ee780000)
  from space 11264K, 72% used [0x00000000ee780000,0x00000000eef77348,0x00000000ef280000)
  to   space 11264K, 0% used [0x00000000f1200000,0x00000000f1200000,0x00000000f1d00000)
 ParOldGen       total 49664K, used 8514K [0x00000000c0000000, 0x00000000c3080000, 0x00000000eab00000)
  object space 49664K, 17% used [0x00000000c0000000,0x00000000c08509d8,0x00000000c3080000)
 Metaspace       used 30757K, capacity 31472K, committed 31744K, reserved 1077248K
  class space    used 4081K, capacity 4276K, committed 4352K, reserved 1048576K
Event: 9.849 GC heap after
Heap after GC invocations=11 (full 1):
 PSYoungGen      total 104448K, used 8360K [0x00000000eab00000, 0x00000000f1d00000, 0x0000000100000000)
  eden space 93184K, 0% used [0x00000000eab00000,0x00000000eab00000,0x00000000f0600000)
  from space 11264K, 74% used [0x00000000f1200000,0x00000000f1a2a078,0x00000000f1d00000)
  to   space 11776K, 0% used [0x00000000f0600000,0x00000000f0600000,0x00000000f1180000)
 ParOldGen       total 49664K, used 9650K [0x00000000c0000000, 0x00000000c3080000, 0x00000000eab00000)
  object space 49664K, 19% used [0x00000000c0000000,0x00000000c096c9d8,0x00000000c3080000)
 Metaspace       used 30757K, capacity 31472K, committed 31744K, reserved 1077248K
  class space    used 4081K, capacity 4276K, committed 4352K, reserved 1048576K
}

